0 info it worked if it ends with ok
1 verbose cli [ 'node', '/usr/local/bin/npm', 'publish' ]
2 info using npm@1.3.13
3 info using node@v0.11.8
4 verbose publish [ '.' ]
5 verbose cache add [ '.', null ]
6 verbose cache add name=undefined spec="." args=[".",null]
7 verbose parsed url { protocol: null,
7 verbose parsed url   slashes: null,
7 verbose parsed url   auth: null,
7 verbose parsed url   host: null,
7 verbose parsed url   port: null,
7 verbose parsed url   hostname: null,
7 verbose parsed url   hash: null,
7 verbose parsed url   search: null,
7 verbose parsed url   query: null,
7 verbose parsed url   pathname: '.',
7 verbose parsed url   path: '.',
7 verbose parsed url   href: '.' }
8 silly lockFile 3a52ce78- .
9 verbose lock . /Users/brianbrunner/.npm/3a52ce78-.lock
10 verbose tar pack [ '/var/folders/_6/2ng81zdd2_q7l70g3rtdv7zm0000gn/T/npm-29090-8YY_sbZP/1390113846302-0.4090698657091707/tmp.tgz',
10 verbose tar pack   '.' ]
11 verbose tarball /var/folders/_6/2ng81zdd2_q7l70g3rtdv7zm0000gn/T/npm-29090-8YY_sbZP/1390113846302-0.4090698657091707/tmp.tgz
12 verbose folder .
13 info prepublish trequire@0.0.2
14 silly lockFile 1f1177db-tar tar://.
15 verbose lock tar://. /Users/brianbrunner/.npm/1f1177db-tar.lock
16 silly lockFile daab9f20-46302-0-4090698657091707-tmp-tgz tar:///var/folders/_6/2ng81zdd2_q7l70g3rtdv7zm0000gn/T/npm-29090-8YY_sbZP/1390113846302-0.4090698657091707/tmp.tgz
17 verbose lock tar:///var/folders/_6/2ng81zdd2_q7l70g3rtdv7zm0000gn/T/npm-29090-8YY_sbZP/1390113846302-0.4090698657091707/tmp.tgz /Users/brianbrunner/.npm/daab9f20-46302-0-4090698657091707-tmp-tgz.lock
18 silly lockFile 1f1177db-tar tar://.
19 silly lockFile 1f1177db-tar tar://.
20 silly lockFile daab9f20-46302-0-4090698657091707-tmp-tgz tar:///var/folders/_6/2ng81zdd2_q7l70g3rtdv7zm0000gn/T/npm-29090-8YY_sbZP/1390113846302-0.4090698657091707/tmp.tgz
21 silly lockFile daab9f20-46302-0-4090698657091707-tmp-tgz tar:///var/folders/_6/2ng81zdd2_q7l70g3rtdv7zm0000gn/T/npm-29090-8YY_sbZP/1390113846302-0.4090698657091707/tmp.tgz
22 verbose tar unpack /var/folders/_6/2ng81zdd2_q7l70g3rtdv7zm0000gn/T/npm-29090-8YY_sbZP/1390113846302-0.4090698657091707/tmp.tgz
23 silly lockFile 636c3b01-46302-0-4090698657091707-package tar:///var/folders/_6/2ng81zdd2_q7l70g3rtdv7zm0000gn/T/npm-29090-8YY_sbZP/1390113846302-0.4090698657091707/package
24 verbose lock tar:///var/folders/_6/2ng81zdd2_q7l70g3rtdv7zm0000gn/T/npm-29090-8YY_sbZP/1390113846302-0.4090698657091707/package /Users/brianbrunner/.npm/636c3b01-46302-0-4090698657091707-package.lock
25 silly lockFile daab9f20-46302-0-4090698657091707-tmp-tgz tar:///var/folders/_6/2ng81zdd2_q7l70g3rtdv7zm0000gn/T/npm-29090-8YY_sbZP/1390113846302-0.4090698657091707/tmp.tgz
26 verbose lock tar:///var/folders/_6/2ng81zdd2_q7l70g3rtdv7zm0000gn/T/npm-29090-8YY_sbZP/1390113846302-0.4090698657091707/tmp.tgz /Users/brianbrunner/.npm/daab9f20-46302-0-4090698657091707-tmp-tgz.lock
27 silly gunzTarPerm modes [ '755', '644' ]
28 silly gunzTarPerm extractEntry package.json
29 silly gunzTarPerm extractEntry .npmignore
30 silly gunzTarPerm extractEntry README.md
31 silly gunzTarPerm extractEntry index.js
32 silly gunzTarPerm extractEntry Makefile
33 silly lockFile 636c3b01-46302-0-4090698657091707-package tar:///var/folders/_6/2ng81zdd2_q7l70g3rtdv7zm0000gn/T/npm-29090-8YY_sbZP/1390113846302-0.4090698657091707/package
34 silly lockFile 636c3b01-46302-0-4090698657091707-package tar:///var/folders/_6/2ng81zdd2_q7l70g3rtdv7zm0000gn/T/npm-29090-8YY_sbZP/1390113846302-0.4090698657091707/package
35 silly lockFile daab9f20-46302-0-4090698657091707-tmp-tgz tar:///var/folders/_6/2ng81zdd2_q7l70g3rtdv7zm0000gn/T/npm-29090-8YY_sbZP/1390113846302-0.4090698657091707/tmp.tgz
36 silly lockFile daab9f20-46302-0-4090698657091707-tmp-tgz tar:///var/folders/_6/2ng81zdd2_q7l70g3rtdv7zm0000gn/T/npm-29090-8YY_sbZP/1390113846302-0.4090698657091707/tmp.tgz
37 verbose tar pack [ '/Users/brianbrunner/.npm/trequire/0.0.2/package.tgz',
37 verbose tar pack   '/var/folders/_6/2ng81zdd2_q7l70g3rtdv7zm0000gn/T/npm-29090-8YY_sbZP/1390113846302-0.4090698657091707/package' ]
38 verbose tarball /Users/brianbrunner/.npm/trequire/0.0.2/package.tgz
39 verbose folder /var/folders/_6/2ng81zdd2_q7l70g3rtdv7zm0000gn/T/npm-29090-8YY_sbZP/1390113846302-0.4090698657091707/package
40 silly lockFile 636c3b01-46302-0-4090698657091707-package tar:///var/folders/_6/2ng81zdd2_q7l70g3rtdv7zm0000gn/T/npm-29090-8YY_sbZP/1390113846302-0.4090698657091707/package
41 verbose lock tar:///var/folders/_6/2ng81zdd2_q7l70g3rtdv7zm0000gn/T/npm-29090-8YY_sbZP/1390113846302-0.4090698657091707/package /Users/brianbrunner/.npm/636c3b01-46302-0-4090698657091707-package.lock
42 silly lockFile 36a855a4-r-npm-trequire-0-0-2-package-tgz tar:///Users/brianbrunner/.npm/trequire/0.0.2/package.tgz
43 verbose lock tar:///Users/brianbrunner/.npm/trequire/0.0.2/package.tgz /Users/brianbrunner/.npm/36a855a4-r-npm-trequire-0-0-2-package-tgz.lock
44 silly lockFile 636c3b01-46302-0-4090698657091707-package tar:///var/folders/_6/2ng81zdd2_q7l70g3rtdv7zm0000gn/T/npm-29090-8YY_sbZP/1390113846302-0.4090698657091707/package
45 silly lockFile 636c3b01-46302-0-4090698657091707-package tar:///var/folders/_6/2ng81zdd2_q7l70g3rtdv7zm0000gn/T/npm-29090-8YY_sbZP/1390113846302-0.4090698657091707/package
46 silly lockFile 36a855a4-r-npm-trequire-0-0-2-package-tgz tar:///Users/brianbrunner/.npm/trequire/0.0.2/package.tgz
47 silly lockFile 36a855a4-r-npm-trequire-0-0-2-package-tgz tar:///Users/brianbrunner/.npm/trequire/0.0.2/package.tgz
48 silly lockFile c7709492-unner-npm-trequire-0-0-2-package /Users/brianbrunner/.npm/trequire/0.0.2/package
49 verbose lock /Users/brianbrunner/.npm/trequire/0.0.2/package /Users/brianbrunner/.npm/c7709492-unner-npm-trequire-0-0-2-package.lock
50 silly lockFile c7709492-unner-npm-trequire-0-0-2-package /Users/brianbrunner/.npm/trequire/0.0.2/package
51 silly lockFile c7709492-unner-npm-trequire-0-0-2-package /Users/brianbrunner/.npm/trequire/0.0.2/package
52 verbose tar unpack /Users/brianbrunner/.npm/trequire/0.0.2/package.tgz
53 silly lockFile 2f5c8f96-unner-npm-trequire-0-0-2-package tar:///Users/brianbrunner/.npm/trequire/0.0.2/package
54 verbose lock tar:///Users/brianbrunner/.npm/trequire/0.0.2/package /Users/brianbrunner/.npm/2f5c8f96-unner-npm-trequire-0-0-2-package.lock
55 silly lockFile 36a855a4-r-npm-trequire-0-0-2-package-tgz tar:///Users/brianbrunner/.npm/trequire/0.0.2/package.tgz
56 verbose lock tar:///Users/brianbrunner/.npm/trequire/0.0.2/package.tgz /Users/brianbrunner/.npm/36a855a4-r-npm-trequire-0-0-2-package-tgz.lock
57 silly gunzTarPerm modes [ '755', '644' ]
58 silly gunzTarPerm extractEntry package.json
59 silly gunzTarPerm extractEntry .npmignore
60 silly gunzTarPerm extractEntry README.md
61 silly gunzTarPerm extractEntry index.js
62 silly gunzTarPerm extractEntry Makefile
63 silly lockFile 2f5c8f96-unner-npm-trequire-0-0-2-package tar:///Users/brianbrunner/.npm/trequire/0.0.2/package
64 silly lockFile 2f5c8f96-unner-npm-trequire-0-0-2-package tar:///Users/brianbrunner/.npm/trequire/0.0.2/package
65 silly lockFile 36a855a4-r-npm-trequire-0-0-2-package-tgz tar:///Users/brianbrunner/.npm/trequire/0.0.2/package.tgz
66 silly lockFile 36a855a4-r-npm-trequire-0-0-2-package-tgz tar:///Users/brianbrunner/.npm/trequire/0.0.2/package.tgz
67 verbose chmod /Users/brianbrunner/.npm/trequire/0.0.2/package.tgz 644
68 verbose chown /Users/brianbrunner/.npm/trequire/0.0.2/package.tgz [ 501, 20 ]
69 silly lockFile 3a52ce78- .
70 silly lockFile 3a52ce78- .
71 silly publish { name: 'trequire',
71 silly publish   version: '0.0.2',
71 silly publish   description: 'Thunkify an entire module at once.',
71 silly publish   repository: { type: 'git', url: 'git://github.com/brianbrunner/trequire' },
71 silly publish   keywords: [ 'thunk', 'co', 'generators', 'thunkify', 'promise', 'generator' ],
71 silly publish   author: { name: 'Brian Brunner' },
71 silly publish   license: 'MIT',
71 silly publish   homepage: 'https://github.com/brianbrunner/trequire',
71 silly publish   dependencies: { thunkify: '*' },
71 silly publish   devDependencies: { mocha: '*', should: '*' },
71 silly publish   readme: '# trequire\n\n[thunkify](https://github.com/visionmedia/node-thunkify) an entire module at once.\nUseful if you want to use normal, asynchronous modules with \n[co](https://github.com/visionmedia/co). All newly created, thunkified functions\nare prefixed with "co"\n\n## Installation\n\n```\n$ npm install trequire\n```\n\n## Example\n\n```js\n\nvar trequire = require(\'trequire\');\nvar fs = trequire(\'fs\');\n\nfs.readFile(\'package.json\', \'utf8\', function(err, str){\n  // normal async versions of all functions are still available\n});\n\nfs.coreadFile(\'package.json\', \'utf8\')(function(err, str){\n  // all functions also have a thunkified version\n});\n\n```\n\n# License\n\n  MIT\n',
71 silly publish   readmeFilename: 'README.md',
71 silly publish   bugs: { url: 'https://github.com/brianbrunner/trequire/issues' },
71 silly publish   _id: 'trequire@0.0.2',
71 silly publish   dist: { shasum: 'e44151275822fd1de404af0caea7d6d98e56b9da' },
71 silly publish   _from: '.' }
72 verbose url raw trequire
73 verbose url resolving [ 'https://registry.npmjs.org/', './trequire' ]
74 verbose url resolved https://registry.npmjs.org/trequire
75 info trying registry request attempt 1 at 22:44:06
76 http PUT https://registry.npmjs.org/trequire
77 http 409 https://registry.npmjs.org/trequire
78 verbose url raw trequire
79 verbose url resolving [ 'https://registry.npmjs.org/', './trequire' ]
80 verbose url resolved https://registry.npmjs.org/trequire
81 info trying registry request attempt 1 at 22:44:07
82 http GET https://registry.npmjs.org/trequire
83 http 200 https://registry.npmjs.org/trequire
84 error publish fail Cannot publish over existing version.
84 error publish fail Update the 'version' field in package.json and try again.
84 error publish fail
84 error publish fail If the previous version was published in error, see:
84 error publish fail     npm help unpublish
84 error publish fail
84 error publish fail To automatically increment version numbers, see:
84 error publish fail     npm help version
85 error System Darwin 13.0.0
86 error command "node" "/usr/local/bin/npm" "publish"
87 error cwd /Users/brianbrunner/thunkit
88 error node -v v0.11.8
89 error npm -v 1.3.13
90 error code EPUBLISHCONFLICT
91 verbose exit [ 1, true ]
